2016-12-01 23:31:19  [ http-bio-8080-exec-3:0 ] - [ DEBUG ]  All Services successfully started.
2016-12-01 23:31:19  [ http-bio-8080-exec-3:11 ] - [ DEBUG ]  Creating Cache 'HASHMAP_CONFIGURE' in EhcacheManager.
2016-12-01 23:31:19  [ http-bio-8080-exec-3:19 ] - [ DEBUG ]  Serializer for <java.lang.String> : org.ehcache.impl.serialization.StringSerializer@34ee8250
2016-12-01 23:31:19  [ http-bio-8080-exec-3:32 ] - [ DEBUG ]  Could not create serializers for HASHMAP_CONFIGURE
org.ehcache.spi.serialization.UnsupportedTypeException: No serializer found for type 'java.util.Map'
	at org.ehcache.impl.internal.spi.serialization.DefaultSerializationProvider$AbstractProvider.getClassFor(DefaultSerializationProvider.java:276)
	at org.ehcache.impl.internal.spi.serialization.DefaultSerializationProvider$TransientProvider.createSerializer(DefaultSerializationProvider.java:167)
	at org.ehcache.impl.internal.spi.serialization.DefaultSerializationProvider$AbstractProvider.createValueSerializer(DefaultSerializationProvider.java:254)
	at org.ehcache.impl.internal.spi.serialization.DefaultSerializationProvider.createValueSerializer(DefaultSerializationProvider.java:105)
	at org.ehcache.core.EhcacheManager.getStore(EhcacheManager.java:462)
	at org.ehcache.core.EhcacheManager.createNewEhcache(EhcacheManager.java:308)
	at org.ehcache.core.EhcacheManager.createCache(EhcacheManager.java:257)
	at org.ehcache.core.EhcacheManager.init(EhcacheManager.java:564)
	at util.cache.EHCacheUtil.getCacheManager(EHCacheUtil.java:20)
	at util.cache.LayIMCache.getManager(LayIMCache.java:54)
	at util.cache.LayIMCache.getHashMapManager(LayIMCache.java:63)
	at util.cache.LayIMCache.getHashMapCache(LayIMCache.java:76)
	at util.cache.LayIMCache.get(LayIMCache.java:91)
	at socket.manager.OnLineUserManager.addUser(OnLineUserManager.java:17)
	at socket.manager.UserManager.addUser(UserManager.java:40)
	at socket.LayIMServer.open(LayIMServer.java:26)
	at sun.reflect.NativeMethodAccessorImpl.invoke0(Native Method)
	at sun.reflect.NativeMethodAccessorImpl.invoke(NativeMethodAccessorImpl.java:62)
	at sun.reflect.DelegatingMethodAccessorImpl.invoke(DelegatingMethodAccessorImpl.java:43)
	at java.lang.reflect.Method.invoke(Method.java:498)
	at org.apache.tomcat.websocket.pojo.PojoEndpointBase.doOnOpen(PojoEndpointBase.java:66)
	at org.apache.tomcat.websocket.pojo.PojoEndpointServer.onOpen(PojoEndpointServer.java:70)
	at org.apache.tomcat.websocket.server.WsHttpUpgradeHandler.init(WsHttpUpgradeHandler.java:137)
	at org.apache.coyote.AbstractProtocol$AbstractConnectionHandler.process(AbstractProtocol.java:666)
	at org.apache.tomcat.util.net.JIoEndpoint$SocketProcessor.run(JIoEndpoint.java:316)
	at java.util.concurrent.ThreadPoolExecutor.runWorker(ThreadPoolExecutor.java:1142)
	at java.util.concurrent.ThreadPoolExecutor$Worker.run(ThreadPoolExecutor.java:617)
	at org.apache.tomcat.util.threads.TaskThread$WrappingRunnable.run(TaskThread.java:61)
	at java.lang.Thread.run(Thread.java:745)
2016-12-01 23:31:19  [ http-bio-8080-exec-3:60 ] - [ DEBUG ]  Copier for <java.lang.String> : org.ehcache.impl.copy.IdentityCopier@1d5c5937
2016-12-01 23:31:19  [ http-bio-8080-exec-3:61 ] - [ DEBUG ]  Copier for <java.util.Map> : org.ehcache.impl.copy.IdentityCopier@6b5667eb
2016-12-01 23:31:19  [ http-bio-8080-exec-3:250 ] - [ DEBUG ]  Initialize successful.
2016-12-01 23:31:19  [ http-bio-8080-exec-3:252 ] - [ INFO ]  Cache 'HASHMAP_CONFIGURE' created in EhcacheManager.
2016-12-01 23:31:19  [ http-bio-8080-exec-3:254 ] - [ DEBUG ]  Initialize successful.
2016-12-01 23:31:27  [ http-bio-8080-exec-3:8162 ] - [ DEBUG ]  All Services successfully started.
2016-12-01 23:31:27  [ http-bio-8080-exec-3:8163 ] - [ DEBUG ]  Creating Cache 'LIST_CONFIGURE' in EhcacheManager.
2016-12-01 23:31:27  [ http-bio-8080-exec-3:8163 ] - [ DEBUG ]  Serializer for <java.lang.String> : org.ehcache.impl.serialization.StringSerializer@68137172
2016-12-01 23:31:27  [ http-bio-8080-exec-3:8164 ] - [ DEBUG ]  Could not create serializers for LIST_CONFIGURE
org.ehcache.spi.serialization.UnsupportedTypeException: No serializer found for type 'java.util.List'
	at org.ehcache.impl.internal.spi.serialization.DefaultSerializationProvider$AbstractProvider.getClassFor(DefaultSerializationProvider.java:276)
	at org.ehcache.impl.internal.spi.serialization.DefaultSerializationProvider$TransientProvider.createSerializer(DefaultSerializationProvider.java:167)
	at org.ehcache.impl.internal.spi.serialization.DefaultSerializationProvider$AbstractProvider.createValueSerializer(DefaultSerializationProvider.java:254)
	at org.ehcache.impl.internal.spi.serialization.DefaultSerializationProvider.createValueSerializer(DefaultSerializationProvider.java:105)
	at org.ehcache.core.EhcacheManager.getStore(EhcacheManager.java:462)
	at org.ehcache.core.EhcacheManager.createNewEhcache(EhcacheManager.java:308)
	at org.ehcache.core.EhcacheManager.createCache(EhcacheManager.java:257)
	at org.ehcache.core.EhcacheManager.init(EhcacheManager.java:564)
	at util.cache.EHCacheUtil.getCacheManager(EHCacheUtil.java:20)
	at util.cache.LayIMCache.getManager(LayIMCache.java:54)
	at util.cache.LayIMCache.getListManager(LayIMCache.java:67)
	at util.cache.LayIMCache.getListCache(LayIMCache.java:71)
	at util.cache.LayIMCache.getListCache(LayIMCache.java:102)
	at socket.manager.GroupUserManager.getGroupMembers(GroupUserManager.java:31)
	at socket.sender.MessageSender.sendMessage(MessageSender.java:44)
	at socket.LayIMServer.receiveMessage(LayIMServer.java:41)
	at sun.reflect.NativeMethodAccessorImpl.invoke0(Native Method)
	at sun.reflect.NativeMethodAccessorImpl.invoke(NativeMethodAccessorImpl.java:62)
	at sun.reflect.DelegatingMethodAccessorImpl.invoke(DelegatingMethodAccessorImpl.java:43)
	at java.lang.reflect.Method.invoke(Method.java:498)
	at org.apache.tomcat.websocket.pojo.PojoMessageHandlerWholeBase.onMessage(PojoMessageHandlerWholeBase.java:80)
	at org.apache.tomcat.websocket.WsFrameBase.sendMessageText(WsFrameBase.java:399)
	at org.apache.tomcat.websocket.WsFrameBase.processDataText(WsFrameBase.java:500)
	at org.apache.tomcat.websocket.WsFrameBase.processData(WsFrameBase.java:295)
	at org.apache.tomcat.websocket.WsFrameBase.processInputBuffer(WsFrameBase.java:131)
	at org.apache.tomcat.websocket.server.WsFrameServer.onDataAvailable(WsFrameServer.java:67)
	at org.apache.tomcat.websocket.server.WsHttpUpgradeHandler$WsReadListener.onDataAvailable(WsHttpUpgradeHandler.java:204)
	at org.apache.coyote.http11.upgrade.AbstractServletInputStream.onDataAvailable(AbstractServletInputStream.java:203)
	at org.apache.coyote.http11.upgrade.AbstractProcessor.upgradeDispatch(AbstractProcessor.java:93)
	at org.apache.coyote.AbstractProtocol$AbstractConnectionHandler.process(AbstractProtocol.java:638)
	at org.apache.tomcat.util.net.JIoEndpoint$SocketProcessor.run(JIoEndpoint.java:316)
	at java.util.concurrent.ThreadPoolExecutor.runWorker(ThreadPoolExecutor.java:1142)
	at java.util.concurrent.ThreadPoolExecutor$Worker.run(ThreadPoolExecutor.java:617)
	at org.apache.tomcat.util.threads.TaskThread$WrappingRunnable.run(TaskThread.java:61)
	at java.lang.Thread.run(Thread.java:745)
2016-12-01 23:31:27  [ http-bio-8080-exec-3:8165 ] - [ DEBUG ]  Copier for <java.lang.String> : org.ehcache.impl.copy.IdentityCopier@6db52ef
2016-12-01 23:31:27  [ http-bio-8080-exec-3:8165 ] - [ DEBUG ]  Copier for <java.util.List> : org.ehcache.impl.copy.IdentityCopier@2569cb4c
2016-12-01 23:31:27  [ http-bio-8080-exec-3:8170 ] - [ DEBUG ]  Initialize successful.
2016-12-01 23:31:27  [ http-bio-8080-exec-3:8172 ] - [ INFO ]  Cache 'LIST_CONFIGURE' created in EhcacheManager.
2016-12-01 23:31:27  [ http-bio-8080-exec-3:8172 ] - [ DEBUG ]  Initialize successful.
2016-12-01 23:31:27  [ http-bio-8080-exec-3:8273 ] - [ INFO ]  该用户不在线 
2016-12-01 23:31:32  [ http-bio-8080-exec-3:13311 ] - [ INFO ]  该用户不在线 
